<?xml version="1.0" encoding="UTF-8"?>
<!-- Generated by org.testng.reporters.JUnitXMLReporter -->
<testsuite hostname="admin-PC" ignored="0" name="Default test" tests="6" failures="0" timestamp="20 Dec 2021 12:55:29 GMT" time="30.096" errors="0">
  <testcase name="selectCreateNewAccountTest" time="0.265" classname="com.scripts.SignUpTest"/>
  <testcase name="inputNameTest" time="1.629" classname="com.scripts.SignUpTest"/>
  <testcase name="inputEmailAddressTest" time="0.842" classname="com.scripts.SignUpTest"/>
  <testcase name="inputPasswordTest" time="0.234" classname="com.scripts.SignUpTest"/>
  <testcase name="inputDateTest" time="7.609" classname="com.scripts.SignUpTest"/>
  <testcase name="selectGenderTest" time="0.251" classname="com.scripts.SignUpTest"/>
</testsuite> <!-- Default test -->
