<?xml version="1.0" encoding="UTF-8"?>
<!-- Generated by org.testng.reporters.JUnitXMLReporter -->
<testsuite hostname="admin-PC" ignored="0" name="Default test" tests="4" failures="0" timestamp="26 Dec 2021 21:37:07 GMT" time="42.681" errors="0">
  <testcase name="TCID_101_VerifySignInFunctionality" time="8.233" classname="com.scripts.AutomationPracticeTest"/>
  <testcase name="TCID_102_VerifyProductIsAddedToCart" time="8.892" classname="com.scripts.AutomationPracticeTest"/>
  <testcase name="TCID_103_GetAllLinksOnSummerDressesPage" time="0.003" classname="com.scripts.AutomationPracticeTest"/>
  <testcase name="TCID_104_VerifyAllLinksOnPage" time="2.148" classname="com.scripts.AutomationPracticeTest"/>
</testsuite> <!-- Default test -->
