<?xml version="1.0" encoding="UTF-8"?>
<testng-results skipped="0" failed="0" ignored="0" total="6" passed="6">
  <reporter-output>
  </reporter-output>
  <suite name="Default suite" duration-ms="32226" started-at="2021-12-28T13:00:47Z" finished-at="2021-12-28T13:01:20Z">
    <groups>
    </groups>
    <test name="Default test" duration-ms="32226" started-at="2021-12-28T13:00:47Z" finished-at="2021-12-28T13:01:20Z">
      <class name="com.scripts.SignUpTest">
        <test-method status="PASS" signature="beforeMainMethod()[pri:0, instance:com.scripts.SignUpTest@46d56d67]" name="beforeMainMethod" is-config="true" duration-ms="23912" started-at="2021-12-28T13:00:47Z" finished-at="2021-12-28T13:01:11Z">
          <reporter-output>
          </reporter-output>
        </test-method> <!-- beforeMainMethod -->
        <test-method status="PASS" signature="selectCreateNewAccountTest()[pri:1, instance:com.scripts.SignUpTest@46d56d67]" name="selectCreateNewAccountTest" duration-ms="296" started-at="2021-12-28T13:01:11Z" finished-at="2021-12-28T13:01:12Z">
          <reporter-output>
          </reporter-output>
        </test-method> <!-- selectCreateNewAccountTest -->
        <test-method status="PASS" signature="inputNameTest()[pri:2, instance:com.scripts.SignUpTest@46d56d67]" name="inputNameTest" duration-ms="2692" started-at="2021-12-28T13:01:12Z" finished-at="2021-12-28T13:01:14Z">
          <reporter-output>
          </reporter-output>
        </test-method> <!-- inputNameTest -->
        <test-method status="PASS" signature="inputEmailAddressTest()[pri:3, instance:com.scripts.SignUpTest@46d56d67]" name="inputEmailAddressTest" duration-ms="3452" started-at="2021-12-28T13:01:14Z" finished-at="2021-12-28T13:01:18Z">
          <reporter-output>
          </reporter-output>
        </test-method> <!-- inputEmailAddressTest -->
        <test-method status="PASS" signature="inputPasswordTest()[pri:4, instance:com.scripts.SignUpTest@46d56d67]" name="inputPasswordTest" duration-ms="323" started-at="2021-12-28T13:01:18Z" finished-at="2021-12-28T13:01:18Z">
          <reporter-output>
          </reporter-output>
        </test-method> <!-- inputPasswordTest -->
        <test-method status="PASS" signature="inputDateTest()[pri:5, instance:com.scripts.SignUpTest@46d56d67]" name="inputDateTest" duration-ms="1118" started-at="2021-12-28T13:01:18Z" finished-at="2021-12-28T13:01:19Z">
          <reporter-output>
          </reporter-output>
        </test-method> <!-- inputDateTest -->
        <test-method status="PASS" signature="selectGenderTest()[pri:6, instance:com.scripts.SignUpTest@46d56d67]" name="selectGenderTest" duration-ms="263" started-at="2021-12-28T13:01:19Z" finished-at="2021-12-28T13:01:20Z">
          <reporter-output>
          </reporter-output>
        </test-method> <!-- selectGenderTest -->
        <test-method status="PASS" signature="afterMethod()[pri:0, instance:com.scripts.SignUpTest@46d56d67]" name="afterMethod" is-config="true" duration-ms="13" started-at="2021-12-28T13:01:20Z" finished-at="2021-12-28T13:01:20Z">
          <reporter-output>
          </reporter-output>
        </test-method> <!-- afterMethod -->
      </class> <!-- com.scripts.SignUpTest -->
    </test> <!-- Default test -->
  </suite> <!-- Default suite -->
</testng-results>
