<?xml version="1.0" encoding="UTF-8"?>
<!-- Generated by org.testng.reporters.JUnitXMLReporter -->
<testsuite hostname="admin-PC" ignored="0" name="Automation Practice Test" tests="4" failures="2" timestamp="27 Dec 2021 07:50:39 GMT" time="27.745" errors="0">
  <testcase name="TCID_101_VerifySignInFunctionality" time="5.122" classname="com.scripts.AutomationPracticeTest">
    <failure type="java.lang.AssertionError" message="expected [true] but found [false]">
      <![CDATA[java.lang.AssertionError: expected [true] but found [false]
at com.pageFactory.SignInSignOutPage.verifySignInPageIsDisplayed(SignInSignOutPage.java:27)
at com.scripts.AutomationPracticeTest.TCID_101_VerifySignInFunctionality(AutomationPracticeTest.java:51)
... Removed 29 stack frames]]>
    </failure>
  </testcase> <!-- TCID_101_VerifySignInFunctionality -->
  <testcase name="TCID_102_VerifyProductIsAddedToCart" time="5.132" classname="com.scripts.AutomationPracticeTest">
    <failure type="java.lang.AssertionError" message="expected [true] but found [false]">
      <![CDATA[java.lang.AssertionError: expected [true] but found [false]
at com.pageFactory.HomePage.verifyUserSignedInAndHomePageIsDisplayed(HomePage.java:35)
at com.scripts.AutomationPracticeTest.TCID_102_VerifyProductIsAddedToCart(AutomationPracticeTest.java:59)
... Removed 29 stack frames]]>
    </failure>
  </testcase> <!-- TCID_102_VerifyProductIsAddedToCart -->
  <testcase name="TCID_103_GetAllLinksOnSummerDressesPage" time="0.004" classname="com.scripts.AutomationPracticeTest"/>
  <testcase name="TCID_104_VerifyAllLinksOnPage" time="5.067" classname="com.scripts.AutomationPracticeTest"/>
</testsuite> <!-- Automation Practice Test -->
